Arguments: 
  /usr/local/bin/node /usr/local/Cellar/yarn/1.2.1/libexec/bin/yarn.js add china-division

PATH: 
  /Users/hc/.npm-global/bin:/usr/local/bin:/usr/bin:/bin:/usr/sbin:/sbin

Yarn version: 
  1.2.1

Node version: 
  8.10.0

Platform: 
  darwin x64

npm manifest: 
  {
    "name": "demo1",
    "version": "1.0.0",
    "description": "react motion",
    "main": "index.js",
    "scripts": {
      "start": "./node_modules/.bin/parcel index.html",
      "test": "echo \"Error: no test specified\" && exit 1"
    },
    "author": "",
    "license": "ISC",
    "devDependencies": {
      "babel-plugin-transform-class-properties": "^6.24.1",
      "babel-preset-env": "^1.6.1",
      "babel-preset-es2015": "^6.24.1",
      "babel-preset-es2017": "^6.24.1",
      "babel-preset-latest": "^6.24.1",
      "babel-preset-react": "^6.24.1",
      "babel-preset-stage-0": "^6.24.1",
      "lodash.range": "^3.2.0",
      "parcel-bundler": "^1.5.1"
    },
    "dependencies": {
      "lodash": "^4.17.5",
      "react": "^16.2.0",
      "react-dom": "^16.2.0",
    }
  }

yarn manifest: 
  No manifest

Lockfile: 
  No lockfile

Trace: 
  SyntaxError: /Users/hc/workspace/dailyDemo/react_china_division/package.json: Unexpected token } in JSON at position 736
      at JSON.parse (<anonymous>)
      at /usr/local/Cellar/yarn/1.2.1/libexec/lib/cli.js:770:59
      at Generator.next (<anonymous>)
      at step (/usr/local/Cellar/yarn/1.2.1/libexec/lib/cli.js:92:30)
      at /usr/local/Cellar/yarn/1.2.1/libexec/lib/cli.js:103:13
      at <anonymous>
